[2026-03-27 01:21:22] This is codeql database create /home/test/Data/GOLANG_VSP/.codeql-db --source-root /home/test/Data/GOLANG_VSP --language python --overwrite
[2026-03-27 01:21:22] Log file was started late.
[2026-03-27 01:21:22] [PROGRESS] database create> Initializing database at /home/test/Data/GOLANG_VSP/.codeql-db.
[2026-03-27 01:21:22] Running plumbing command: codeql database init --overwrite --language=python --extractor-options-verbosity=1 --qlconfig-file=/home/test/Data/GOLANG_VSP/qlconfig.yml --source-root=/home/test/Data/GOLANG_VSP --allow-missing-source-root=false --allow-already-existing -- /home/test/Data/GOLANG_VSP/.codeql-db
[2026-03-27 01:21:22] Calling plumbing command: codeql resolve languages --extractor-options-verbosity=1 --format=betterjson
[2026-03-27 01:21:23] [DETAILS] resolve languages> Scanning for [codeql-extractor.yml] from /home/test/.local/codeql/codeql/.codeqlmanifest.json
[2026-03-27 01:21:23] [DETAILS] resolve languages> Parsing /home/test/.local/codeql/codeql/csharp/codeql-extractor.yml.
[2026-03-27 01:21:23] [DETAILS] resolve languages> Parsing /home/test/.local/codeql/codeql/xml/codeql-extractor.yml.
[2026-03-27 01:21:23] [DETAILS] resolve languages> Parsing /home/test/.local/codeql/codeql/ruby/codeql-extractor.yml.
[2026-03-27 01:21:23] [DETAILS] resolve languages> Parsing /home/test/.local/codeql/codeql/swift/codeql-extractor.yml.
[2026-03-27 01:21:23] [DETAILS] resolve languages> Parsing /home/test/.local/codeql/codeql/cpp/codeql-extractor.yml.
[2026-03-27 01:21:23] [DETAILS] resolve languages> Parsing /home/test/.local/codeql/codeql/python/codeql-extractor.yml.
[2026-03-27 01:21:23] [DETAILS] resolve languages> Parsing /home/test/.local/codeql/codeql/csv/codeql-extractor.yml.
[2026-03-27 01:21:23] [DETAILS] resolve languages> Parsing /home/test/.local/codeql/codeql/yaml/codeql-extractor.yml.
[2026-03-27 01:21:23] [DETAILS] resolve languages> Parsing /home/test/.local/codeql/codeql/go/codeql-extractor.yml.
[2026-03-27 01:21:23] [DETAILS] resolve languages> Parsing /home/test/.local/codeql/codeql/javascript/codeql-extractor.yml.
[2026-03-27 01:21:23] [DETAILS] resolve languages> Parsing /home/test/.local/codeql/codeql/actions/codeql-extractor.yml.
[2026-03-27 01:21:23] [DETAILS] resolve languages> Parsing /home/test/.local/codeql/codeql/rust/codeql-extractor.yml.
[2026-03-27 01:21:23] [DETAILS] resolve languages> Parsing /home/test/.local/codeql/codeql/html/codeql-extractor.yml.
[2026-03-27 01:21:23] [DETAILS] resolve languages> Parsing /home/test/.local/codeql/codeql/java/codeql-extractor.yml.
[2026-03-27 01:21:23] [DETAILS] resolve languages> Parsing /home/test/.local/codeql/codeql/properties/codeql-extractor.yml.
[2026-03-27 01:21:23] Plumbing command codeql resolve languages completed:
                      {
                        "aliases" : {
                          "c" : "cpp",
                          "c++" : "cpp",
                          "c-c++" : "cpp",
                          "c-cpp" : "cpp",
                          "c#" : "csharp",
                          "java-kotlin" : "java",
                          "kotlin" : "java",
                          "javascript-typescript" : "javascript",
                          "typescript" : "javascript"
                        },
                        "extractors" : {
                          "csharp" : [
                            {
                              "extractor_root" : "/home/test/.local/codeql/codeql/csharp",
                              "extractor_options" : {
                                "trap" : {
                                  "title" : "Options pertaining to TRAP.",
                                  "description" : "Options pertaining to TRAP.",
                                  "type" : "object",
                                  "properties" : {
                                    "compression" : {
                                      "title" : "Controls compression for the TRAP files written by the extractor.",
                                      "description" : "This option is only intended for use in debugging the extractor. Accepted values are 'brotli' (the default, to write brotli-compressed TRAP), 'gzip', and 'none' (to write uncompressed TRAP).\n",
                                      "type" : "string",
                                      "pattern" : "^(none|gzip|brotli)$"
                                    }
                                  }
                                },
                                "buildless" : {
                                  "title" : "DEPRECATED - Whether to use buildless (standalone) extraction.",
                                  "description" : "DEPRECATED: Use `--build-mode none` instead.\nA value indicating, which type of extraction the autobuilder should perform. If 'true', then the standalone extractor will be used, otherwise tracing extraction will be performed. The default is 'false'. Note that buildless extraction will generally yield less accurate analysis results, and should only be used in cases where it is not possible to build the code (for example if it uses inaccessible dependencies).\n",
                                  "type" : "string",
                                  "pattern" : "^(false|true)$"
                                },
                                "logging" : {
                                  "title" : "Options pertaining to logging.",
                                  "description" : "Options pertaining to logging.",
                                  "type" : "object",
                                  "properties" : {
                                    "verbosity" : {
                                      "title" : "Extractor logging verbosity level.",
                                      "description" : "Controls the level of verbosity of the extractor. The supported levels are (in order of increasing verbosity):\n  - off\n  - errors\n  - warnings\n  - info or progress\n  - debug or progress+\n  - trace or progress++\n  - progress+++\n",
                                      "type" : "string",
                                      "pattern" : "^(off|errors|warnings|(info|progress)|(debug|progress\\+)|(trace|progress\\+\\+)|progress\\+\\+\\+)$"
                                    }
                                  }
                                },
                                "binlog" : {
                                  "title" : "Binlog",
                                  "description" : "[EXPERIMENTAL] The value is a path to the MsBuild binary log file that should be extracted. This option only works when `--build-mode none` is also specified.\n",
                                  "type" : "array"
                                },
                                "buildless_dependency_dir" : {
                                  "title" : "The path where buildless (standalone) extraction should keep dependencies.",
                                  "description" : "If set, the buildless (standalone) extractor will store dependencies in this directory.\n",
                                  "type" : "string"
                                }
                              }
                            }
                          ],
                          "xml" : [
                            {
                              "extractor_root" : "/home/test/.local/codeql/codeql/xml"
                            }
                          ],
                          "ruby" : [
                            {
                              "extractor_root" : "/home/test/.local/codeql/codeql/ruby",
                              "extractor_options" : {
                                "trap" : {
                                  "title" : "Options pertaining to TRAP.",
                                  "description" : "Options pertaining to TRAP.",
                                  "type" : "object",
                                  "properties" : {
                                    "compression" : {
                                      "title" : "Controls compression for the TRAP files written by the extractor.",
                                      "description" : "This option is only intended for use in debugging the extractor. Accepted values are 'gzip' (the default, to write gzip-compressed TRAP) 'zstd' (to write Zstandard-compressed TRAP) and 'none' (to write uncompressed TRAP).\n",
                                      "type" : "string",
                                      "pattern" : "^(none|gzip|zstd)$"
                                    }
                                  }
                                }
                              }
                            }
                          ],
                          "swift" : [
                            {
                              "extractor_root" : "/home/test/.local/codeql/codeql/swift"
                            }
                          ],
                          "cpp" : [
                            {
                              "extractor_root" : "/home/test/.local/codeql/codeql/cpp",
                              "extractor_options" : {
                                "scale_timeouts" : {
                                  "title" : "Value to scale compiler introspection timeouts with",
                                  "description" : "The extractor attempts to determine what compiler the source code being extracted is compiled with. To this end the extractor makes additional calls to the compiler, some of which are expected to return within a certain fixed time (either 10s or 15s). On some systems that are under high load this time might be too short, and can be scaled up using this option.\n",
                                  "type" : "string",
                                  "pattern" : "[0-9]+"
                                },
                                "log_verbosity" : {
                                  "title" : "Verbosity of the extractor logging",
                                  "description" : "Set the verbosity of the extractor logging to 'quiet' (0), 'normal' (1), 'chatty' (2), or 'noisy' (3). The default is 'normal'.\n",
                                  "type" : "string",
                                  "pattern" : "[0-3]"
                                }
                              }
                            }
                          ],
                          "python" : [
                            {
                              "extractor_root" : "/home/test/.local/codeql/codeql/python",
                              "extractor_options" : {
                                "logging" : {
                                  "title" : "Options pertaining to logging.",
                                  "description" : "Options pertaining to logging.",
                                  "type" : "object",
                                  "properties" : {
                                    "verbosity" : {
                                      "title" : "Python extractor logging verbosity level.",
                                      "description" : "Controls the level of verbosity of the CodeQL Python extractor.\nThe supported levels are (in order of increasing verbosity):\n\n  - off\n  - errors\n  - warnings\n  - info or progress\n  - debug or progress+\n  - trace or progress++\n  - progress+++\n",
                                      "type" : "string",
                                      "pattern" : "^(off|errors|warnings|(info|progress)|(debug|progress\\+)|(trace|progress\\+\\+)|progress\\+\\+\\+)$"
                                    }
                                  }
                                },
                                "python_executable_name" : {
                                  "title" : "Controls the name of the Python executable used by the Python extractor.",
                                  "description" : "The Python extractor uses platform-dependent heuristics to determine the name of the Python executable to use. Specifying a value for this option overrides the name of the Python executable used by the extractor. Accepted values are py, python and python3. Use this setting with caution, the Python extractor requires Python 3 to run.\n",
                                  "type" : "string",
                                  "pattern" : "^(py|python|python3)$"
                                }
                              }
                            }
                          ],
                          "csv" : [
                            {
                              "extractor_root" : "/home/test/.local/codeql/codeql/csv"
                            }
                          ],
                          "yaml" : [
                            {
                              "extractor_root" : "/home/test/.local/codeql/codeql/yaml"
                            }
                          ],
                          "go" : [
                            {
                              "extractor_root" : "/home/test/.local/codeql/codeql/go",
                              "extractor_options" : {
                                "extract_tests" : {
                                  "title" : "Whether to include Go test files in the CodeQL database.",
                                  "description" : "A value indicating whether Go test files should be included in the CodeQL database. The default is 'false'.\n",
                                  "type" : "string",
                                  "pattern" : "^(false|true)$"
                                },
                                "extract_vendor_dirs" : {
                                  "title" : "Whether to include Go vendor directories in the CodeQL database.",
                                  "description" : "A value indicating whether Go vendor directories should be included in the CodeQL database. The default is 'false'.\n",
                                  "type" : "string",
                                  "pattern" : "^(false|true)$"
                                }
                              }
                            }
                          ],
                          "javascript" : [
                            {
                              "extractor_root" : "/home/test/.local/codeql/codeql/javascript",
                              "extractor_options" : {
                                "skip_types" : {
                                  "title" : "Skip type extraction for TypeScript",
                                  "description" : "Whether to skip the extraction of types in a TypeScript application",
                                  "type" : "string",
                                  "pattern" : "^(false|true)$"
                                }
                              }
                            }
                          ],
                          "actions" : [
                            {
                              "extractor_root" : "/home/test/.local/codeql/codeql/actions",
                              "extractor_options" : { }
                            }
                          ],
                          "rust" : [
                            {
                              "extractor_root" : "/home/test/.local/codeql/codeql/rust",
                              "extractor_options" : {
                                "trap" : {
                                  "title" : "Options pertaining to TRAP.",
                                  "description" : "Options pertaining to TRAP.",
                                  "type" : "object",
                                  "properties" : {
                                    "compression" : {
                                      "title" : "Controls compression for the TRAP files written by the extractor.",
                                      "description" : "This option is only intended for use in debugging the extractor. Accepted values are 'gzip' (to write gzip-compressed TRAP) 'zstd' (to write Zstandard-compressed TRAP) and 'none' (the default, to write uncompressed TRAP).\n",
                                      "type" : "string",
                                      "pattern" : "^(none|gzip|zstd)$"
                                    }
                                  }
                                },
                                "cargo_target_dir" : {
                                  "title" : "Directory to use for cargo output files.",
                                  "description" : "This value is an optional path to use as `CARGO_TARGET_DIR` for the internal cargo commands the extractor uses. Pointing it to a persistent directory may reduce execution time of consecutive extractor runs. By default, a new scratch directory is used for each run.\n",
                                  "type" : "string"
                                },
                                "cargo_target" : {
                                  "title" : "Target architecture",
                                  "description" : "Target architecture to use for analysis, analogous to `cargo --target`. By default the host architecture is used.\n",
                                  "type" : "string"
                                },
                                "cargo_features" : {
                                  "title" : "Cargo features to turn on",
                                  "description" : "Comma-separated list of features to turn on. By default all features are enabled. If any features are specified, then only those features are enabled. The `default` feature must be explicitly specified if only default features are desired. Can be repeated.\n",
                                  "type" : "array"
                                },
                                "cargo_cfg_overrides" : {
                                  "title" : "Cargo cfg overrides",
                                  "description" : "Comma-separated list of cfg settings to enable, or disable if prefixed with `-`. Can be repeated.\n",
                                  "type" : "array"
                                },
                                "logging" : {
                                  "title" : "Options pertaining to logging.",
                                  "description" : "Options pertaining to logging.",
                                  "type" : "object",
                                  "properties" : {
                                    "verbosity" : {
                                      "title" : "Extractor logging verbosity level.",
                                      "description" : "Controls the level of verbosity of the extractor. The supported levels are (in order of increasing verbosity):\n  - off\n  - errors\n  - warnings\n  - info or progress\n  - debug or progress+\n  - trace or progress++\n  - progress+++\n",
                                      "type" : "string",
                                      "pattern" : "^(off|errors|warnings|(info|progress)|(debug|progress\\+)|(trace|progress\\+\\+)|progress\\+\\+\\+)$"
                                    },
                                    "flamegraph" : {
                                      "title" : "[Experimental] File path for write flame graph log",
                                      "description" : "Collect flame graph data using the `tracing-flame` crate. To render a flame graph or chart, run the `inferno-flamegraph` command. See also: https://crates.io/crates/tracing-flame\n",
                                      "type" : "string"
                                    }
                                  }
                                },
                                "extract_dependencies_as_source" : {
                                  "title" : "Extract dependencies as source code",
                                  "description" : "Extract the full source code of dependencies instead of only extracting signatures.\n",
                                  "type" : "string",
                                  "pattern" : "^(false|true)$"
                                }
                              }
                            }
                          ],
                          "html" : [
                            {
                              "extractor_root" : "/home/test/.local/codeql/codeql/html"
                            }
                          ],
                          "java" : [
                            {
                              "extractor_root" : "/home/test/.local/codeql/codeql/java",
                              "extractor_options" : {
                                "exclude" : {
                                  "title" : "A glob excluding files from analysis.",
                                  "description" : "A glob indicating what files to exclude from the analysis. This accepts glob patterns that are supported by Java's 'getPathMatcher' implementation.\n",
                                  "type" : "string"
                                },
                                "add_prefer_source" : {
                                  "title" : "Whether to always prefer source files over class files.",
                                  "description" : "A value indicating whether source files should be preferred over class files. If set to 'true', the extraction adds '-Xprefer:source' to the javac command line. If set to 'false', the extraction uses the default javac behavior ('-Xprefer:newer'). The default is 'true'.\n",
                                  "type" : "string",
                                  "pattern" : "^(false|true)$"
                                },
                                "buildless" : {
                                  "title" : "Whether to use buildless (standalone) extraction (experimental).",
                                  "description" : "A value indicating, which type of extraction the autobuilder should perform. If 'true', then the standalone extractor will be used, otherwise tracing extraction will be performed. The default is 'false'. Note that buildless extraction will generally yield less accurate analysis results, and should only be used in cases where it is not possible to build the code (for example if it uses inaccessible dependencies).\n",
                                  "type" : "string",
                                  "pattern" : "^(false|true)$"
                                },
                                "buildless_dependency_dir" : {
                                  "title" : "The path where buildless (standalone) extraction should keep dependencies.",
                                  "description" : "If set, the buildless (standalone) extractor will store dependencies in this directory.\n",
                                  "type" : "string"
                                },
                                "minimize_dependency_jars" : {
                                  "title" : "Whether to rewrite and minimize downloaded JAR dependencies (experimental).",
                                  "description" : "If 'true', JAR dependencies downloaded during extraction will be rewritten to remove unneeded data, such as method bodies. The default is 'false'.\n",
                                  "type" : "string",
                                  "pattern" : "^(false|true)$"
                                }
                              }
                            }
                          ],
                          "properties" : [
                            {
                              "extractor_root" : "/home/test/.local/codeql/codeql/properties"
                            }
                          ]
                        }
                      }
[2026-03-27 01:21:23] [PROGRESS] database init> Calculating baseline information in /home/test/Data/GOLANG_VSP
[2026-03-27 01:21:23] [SPAMMY] database init> Ignoring the following directories when processing baseline information: .git, .hg, .svn.
[2026-03-27 01:21:23] [DETAILS] database init> Running command in /home/test/Data/GOLANG_VSP: /home/test/.local/codeql/codeql/tools/linux64/scc --by-file --exclude-dir .git,.hg,.svn --format json --no-large --no-min .
[2026-03-27 01:21:23] Using configure-baseline script /home/test/.local/codeql/codeql/go/tools/configure-baseline.sh.
[2026-03-27 01:21:23] [PROGRESS] database init> Running command in /home/test/Data/GOLANG_VSP: [/home/test/.local/codeql/codeql/go/tools/configure-baseline.sh]
[2026-03-27 01:21:23] Using configure-baseline script /home/test/.local/codeql/codeql/actions/tools/configure-baseline.sh.
[2026-03-27 01:21:23] [PROGRESS] database init> Running command in /home/test/Data/GOLANG_VSP: [/home/test/.local/codeql/codeql/actions/tools/configure-baseline.sh]
[2026-03-27 01:21:23] [SPAMMY] database init> Ignored an additional 3 files when processing baseline information for YAML due to paths and paths-ignore configuration.
[2026-03-27 01:21:23] [SPAMMY] database init> Found 38 baseline files for go.
[2026-03-27 01:21:23] [SPAMMY] database init> Found 0 baseline files for actions.
[2026-03-27 01:21:23] [PROGRESS] database init> Calculated baseline information for languages: actions, go (81ms).
[2026-03-27 01:21:23] [PROGRESS] database init> Resolving extractor python.
[2026-03-27 01:21:23] [DETAILS] database init> Found candidate extractor root for python: /home/test/.local/codeql/codeql/python.
[2026-03-27 01:21:23] [PROGRESS] database init> Successfully loaded extractor Python (python) from /home/test/.local/codeql/codeql/python.
[2026-03-27 01:21:23] [PROGRESS] database init> Created skeleton CodeQL database at /home/test/Data/GOLANG_VSP/.codeql-db. This in-progress database is ready to be populated by an extractor.
[2026-03-27 01:21:23] Plumbing command codeql database init completed.
[2026-03-27 01:21:23] [PROGRESS] database create> Running build command: []
[2026-03-27 01:21:23] Running plumbing command: codeql database trace-command --working-dir=/home/test/Data/GOLANG_VSP --index-traceless-dbs --no-db-cluster -- /home/test/Data/GOLANG_VSP/.codeql-db
[2026-03-27 01:21:23] Using autobuild script /home/test/.local/codeql/codeql/python/tools/autobuild.sh.
[2026-03-27 01:21:23] [PROGRESS] database trace-command> Running command in /home/test/Data/GOLANG_VSP: [/home/test/.local/codeql/codeql/python/tools/autobuild.sh]
[2026-03-27 01:21:23] [build-stderr] /bin/sh: 1: python2: not found
[2026-03-27 01:21:23] [build-stdout] No directories containing root identifiers were found. Returning working directory as root.
[2026-03-27 01:21:23] [build-stdout] Will try to guess Python version, as it was not specified in `lgtm.yml`
[2026-03-27 01:21:23] [build-stdout] Trying to guess Python version based on Trove classifiers in setup.py
[2026-03-27 01:21:23] [build-stdout] Did not find setup.py (expected it to be at /home/test/Data/GOLANG_VSP/setup.py)
[2026-03-27 01:21:23] [build-stdout] Trying to guess Python version based on travis file
[2026-03-27 01:21:23] [build-stdout] Did not find any travis files (expected them at either ['/home/test/Data/GOLANG_VSP/.travis.yml', '/home/test/Data/GOLANG_VSP/travis.yml'])
[2026-03-27 01:21:23] [build-stdout] Trying to guess Python version based on installed versions
[2026-03-27 01:21:23] [build-stdout] Wanted to run Python 2, but it is not available. Using Python 3 instead
[2026-03-27 01:21:23] [build-stdout] This script is running Python 3, but Python 2 is also available (as 'python3')
[2026-03-27 01:21:23] [build-stdout] Could not guess Python version, will use default: Python 3
[2026-03-27 01:21:23] [build-stdout] Calling python3 -S /home/test/.local/codeql/codeql/python/tools/python_tracer.py --verbosity 3 -z all -c /home/test/Data/GOLANG_VSP/.codeql-db/working/trap_cache -R /home/test/Data/GOLANG_VSP
[2026-03-27 01:21:24] [build-stdout] INFO: The Python extractor has recently stopped extracting the standard library by default. If you encounter problems, please let us know by submitting an issue to https://github.com/github/codeql. It is possible to re-enable extraction of the standard library by setting the environment variable CODEQL_EXTRACTOR_PYTHON_EXTRACT_STDLIB.
[2026-03-27 01:21:24] [build-stdout] [INFO] Extraction will use the Python 3 standard library.
[2026-03-27 01:21:24] [build-stdout] [INFO] sys_path is: ['/home/test/.local/codeql/codeql/python/tools', '/usr/lib/python312.zip', '/usr/lib/python3.12', '/usr/lib/python3.12/lib-dynload']
[2026-03-27 01:21:24] [build-stdout] [INFO] Python version 3.12.3
[2026-03-27 01:21:24] [build-stdout] [INFO] Python extractor version 7.1.8
[2026-03-27 01:21:24] [build-stdout] [INFO] Processed 0 modules in 0.13s
[2026-03-27 01:21:24] Plumbing command codeql database trace-command completed.
[2026-03-27 01:21:24] [PROGRESS] database create> Finalizing database at /home/test/Data/GOLANG_VSP/.codeql-db.
[2026-03-27 01:21:24] Running plumbing command: codeql database finalize --no-db-cluster -- /home/test/Data/GOLANG_VSP/.codeql-db
[2026-03-27 01:21:24] Calling plumbing command: codeql resolve languages --format=json
[2026-03-27 01:21:24] [DETAILS] resolve languages> Scanning for [codeql-extractor.yml] from /home/test/.local/codeql/codeql/.codeqlmanifest.json
[2026-03-27 01:21:24] [DETAILS] resolve languages> Parsing /home/test/.local/codeql/codeql/csharp/codeql-extractor.yml.
[2026-03-27 01:21:24] [DETAILS] resolve languages> Parsing /home/test/.local/codeql/codeql/xml/codeql-extractor.yml.
[2026-03-27 01:21:24] [DETAILS] resolve languages> Parsing /home/test/.local/codeql/codeql/ruby/codeql-extractor.yml.
[2026-03-27 01:21:24] [DETAILS] resolve languages> Parsing /home/test/.local/codeql/codeql/swift/codeql-extractor.yml.
[2026-03-27 01:21:24] [DETAILS] resolve languages> Parsing /home/test/.local/codeql/codeql/cpp/codeql-extractor.yml.
[2026-03-27 01:21:24] [DETAILS] resolve languages> Parsing /home/test/.local/codeql/codeql/python/codeql-extractor.yml.
[2026-03-27 01:21:24] [DETAILS] resolve languages> Parsing /home/test/.local/codeql/codeql/csv/codeql-extractor.yml.
[2026-03-27 01:21:24] [DETAILS] resolve languages> Parsing /home/test/.local/codeql/codeql/yaml/codeql-extractor.yml.
[2026-03-27 01:21:24] [DETAILS] resolve languages> Parsing /home/test/.local/codeql/codeql/go/codeql-extractor.yml.
[2026-03-27 01:21:24] [DETAILS] resolve languages> Parsing /home/test/.local/codeql/codeql/javascript/codeql-extractor.yml.
[2026-03-27 01:21:24] [DETAILS] resolve languages> Parsing /home/test/.local/codeql/codeql/actions/codeql-extractor.yml.
[2026-03-27 01:21:24] [DETAILS] resolve languages> Parsing /home/test/.local/codeql/codeql/rust/codeql-extractor.yml.
[2026-03-27 01:21:24] [DETAILS] resolve languages> Parsing /home/test/.local/codeql/codeql/html/codeql-extractor.yml.
[2026-03-27 01:21:24] [DETAILS] resolve languages> Parsing /home/test/.local/codeql/codeql/java/codeql-extractor.yml.
[2026-03-27 01:21:24] [DETAILS] resolve languages> Parsing /home/test/.local/codeql/codeql/properties/codeql-extractor.yml.
[2026-03-27 01:21:24] Plumbing command codeql resolve languages completed:
                      {
                        "aliases" : {
                          "c" : "cpp",
                          "c++" : "cpp",
                          "c-c++" : "cpp",
                          "c-cpp" : "cpp",
                          "c#" : "csharp",
                          "java-kotlin" : "java",
                          "kotlin" : "java",
                          "javascript-typescript" : "javascript",
                          "typescript" : "javascript"
                        },
                        "extractors" : {
                          "csharp" : [
                            {
                              "extractor_root" : "/home/test/.local/codeql/codeql/csharp",
                              "extractor_options" : {
                                "trap" : {
                                  "title" : "Options pertaining to TRAP.",
                                  "description" : "Options pertaining to TRAP.",
                                  "type" : "object",
                                  "properties" : {
                                    "compression" : {
                                      "title" : "Controls compression for the TRAP files written by the extractor.",
                                      "description" : "This option is only intended for use in debugging the extractor. Accepted values are 'brotli' (the default, to write brotli-compressed TRAP), 'gzip', and 'none' (to write uncompressed TRAP).\n",
                                      "type" : "string",
                                      "pattern" : "^(none|gzip|brotli)$"
                                    }
                                  }
                                },
                                "buildless" : {
                                  "title" : "DEPRECATED - Whether to use buildless (standalone) extraction.",
                                  "description" : "DEPRECATED: Use `--build-mode none` instead.\nA value indicating, which type of extraction the autobuilder should perform. If 'true', then the standalone extractor will be used, otherwise tracing extraction will be performed. The default is 'false'. Note that buildless extraction will generally yield less accurate analysis results, and should only be used in cases where it is not possible to build the code (for example if it uses inaccessible dependencies).\n",
                                  "type" : "string",
                                  "pattern" : "^(false|true)$"
                                },
                                "logging" : {
                                  "title" : "Options pertaining to logging.",
                                  "description" : "Options pertaining to logging.",
                                  "type" : "object",
                                  "properties" : {
                                    "verbosity" : {
                                      "title" : "Extractor logging verbosity level.",
                                      "description" : "Controls the level of verbosity of the extractor. The supported levels are (in order of increasing verbosity):\n  - off\n  - errors\n  - warnings\n  - info or progress\n  - debug or progress+\n  - trace or progress++\n  - progress+++\n",
                                      "type" : "string",
                                      "pattern" : "^(off|errors|warnings|(info|progress)|(debug|progress\\+)|(trace|progress\\+\\+)|progress\\+\\+\\+)$"
                                    }
                                  }
                                },
                                "binlog" : {
                                  "title" : "Binlog",
                                  "description" : "[EXPERIMENTAL] The value is a path to the MsBuild binary log file that should be extracted. This option only works when `--build-mode none` is also specified.\n",
                                  "type" : "array"
                                },
                                "buildless_dependency_dir" : {
                                  "title" : "The path where buildless (standalone) extraction should keep dependencies.",
                                  "description" : "If set, the buildless (standalone) extractor will store dependencies in this directory.\n",
                                  "type" : "string"
                                }
                              }
                            }
                          ],
                          "xml" : [
                            {
                              "extractor_root" : "/home/test/.local/codeql/codeql/xml"
                            }
                          ],
                          "ruby" : [
                            {
                              "extractor_root" : "/home/test/.local/codeql/codeql/ruby",
                              "extractor_options" : {
                                "trap" : {
                                  "title" : "Options pertaining to TRAP.",
                                  "description" : "Options pertaining to TRAP.",
                                  "type" : "object",
                                  "properties" : {
                                    "compression" : {
                                      "title" : "Controls compression for the TRAP files written by the extractor.",
                                      "description" : "This option is only intended for use in debugging the extractor. Accepted values are 'gzip' (the default, to write gzip-compressed TRAP) 'zstd' (to write Zstandard-compressed TRAP) and 'none' (to write uncompressed TRAP).\n",
                                      "type" : "string",
                                      "pattern" : "^(none|gzip|zstd)$"
                                    }
                                  }
                                }
                              }
                            }
                          ],
                          "swift" : [
                            {
                              "extractor_root" : "/home/test/.local/codeql/codeql/swift"
                            }
                          ],
                          "cpp" : [
                            {
                              "extractor_root" : "/home/test/.local/codeql/codeql/cpp",
                              "extractor_options" : {
                                "scale_timeouts" : {
                                  "title" : "Value to scale compiler introspection timeouts with",
                                  "description" : "The extractor attempts to determine what compiler the source code being extracted is compiled with. To this end the extractor makes additional calls to the compiler, some of which are expected to return within a certain fixed time (either 10s or 15s). On some systems that are under high load this time might be too short, and can be scaled up using this option.\n",
                                  "type" : "string",
                                  "pattern" : "[0-9]+"
                                },
                                "log_verbosity" : {
                                  "title" : "Verbosity of the extractor logging",
                                  "description" : "Set the verbosity of the extractor logging to 'quiet' (0), 'normal' (1), 'chatty' (2), or 'noisy' (3). The default is 'normal'.\n",
                                  "type" : "string",
                                  "pattern" : "[0-3]"
                                }
                              }
                            }
                          ],
                          "python" : [
                            {
                              "extractor_root" : "/home/test/.local/codeql/codeql/python",
                              "extractor_options" : {
                                "logging" : {
                                  "title" : "Options pertaining to logging.",
                                  "description" : "Options pertaining to logging.",
                                  "type" : "object",
                                  "properties" : {
                                    "verbosity" : {
                                      "title" : "Python extractor logging verbosity level.",
                                      "description" : "Controls the level of verbosity of the CodeQL Python extractor.\nThe supported levels are (in order of increasing verbosity):\n\n  - off\n  - errors\n  - warnings\n  - info or progress\n  - debug or progress+\n  - trace or progress++\n  - progress+++\n",
                                      "type" : "string",
                                      "pattern" : "^(off|errors|warnings|(info|progress)|(debug|progress\\+)|(trace|progress\\+\\+)|progress\\+\\+\\+)$"
                                    }
                                  }
                                },
                                "python_executable_name" : {
                                  "title" : "Controls the name of the Python executable used by the Python extractor.",
                                  "description" : "The Python extractor uses platform-dependent heuristics to determine the name of the Python executable to use. Specifying a value for this option overrides the name of the Python executable used by the extractor. Accepted values are py, python and python3. Use this setting with caution, the Python extractor requires Python 3 to run.\n",
                                  "type" : "string",
                                  "pattern" : "^(py|python|python3)$"
                                }
                              }
                            }
                          ],
                          "csv" : [
                            {
                              "extractor_root" : "/home/test/.local/codeql/codeql/csv"
                            }
                          ],
                          "yaml" : [
                            {
                              "extractor_root" : "/home/test/.local/codeql/codeql/yaml"
                            }
                          ],
                          "go" : [
                            {
                              "extractor_root" : "/home/test/.local/codeql/codeql/go",
                              "extractor_options" : {
                                "extract_tests" : {
                                  "title" : "Whether to include Go test files in the CodeQL database.",
                                  "description" : "A value indicating whether Go test files should be included in the CodeQL database. The default is 'false'.\n",
                                  "type" : "string",
                                  "pattern" : "^(false|true)$"
                                },
                                "extract_vendor_dirs" : {
                                  "title" : "Whether to include Go vendor directories in the CodeQL database.",
                                  "description" : "A value indicating whether Go vendor directories should be included in the CodeQL database. The default is 'false'.\n",
                                  "type" : "string",
                                  "pattern" : "^(false|true)$"
                                }
                              }
                            }
                          ],
                          "javascript" : [
                            {
                              "extractor_root" : "/home/test/.local/codeql/codeql/javascript",
                              "extractor_options" : {
                                "skip_types" : {
                                  "title" : "Skip type extraction for TypeScript",
                                  "description" : "Whether to skip the extraction of types in a TypeScript application",
                                  "type" : "string",
                                  "pattern" : "^(false|true)$"
                                }
                              }
                            }
                          ],
                          "actions" : [
                            {
                              "extractor_root" : "/home/test/.local/codeql/codeql/actions",
                              "extractor_options" : { }
                            }
                          ],
                          "rust" : [
                            {
                              "extractor_root" : "/home/test/.local/codeql/codeql/rust",
                              "extractor_options" : {
                                "trap" : {
                                  "title" : "Options pertaining to TRAP.",
                                  "description" : "Options pertaining to TRAP.",
                                  "type" : "object",
                                  "properties" : {
                                    "compression" : {
                                      "title" : "Controls compression for the TRAP files written by the extractor.",
                                      "description" : "This option is only intended for use in debugging the extractor. Accepted values are 'gzip' (to write gzip-compressed TRAP) 'zstd' (to write Zstandard-compressed TRAP) and 'none' (the default, to write uncompressed TRAP).\n",
                                      "type" : "string",
                                      "pattern" : "^(none|gzip|zstd)$"
                                    }
                                  }
                                },
                                "cargo_target_dir" : {
                                  "title" : "Directory to use for cargo output files.",
                                  "description" : "This value is an optional path to use as `CARGO_TARGET_DIR` for the internal cargo commands the extractor uses. Pointing it to a persistent directory may reduce execution time of consecutive extractor runs. By default, a new scratch directory is used for each run.\n",
                                  "type" : "string"
                                },
                                "cargo_target" : {
                                  "title" : "Target architecture",
                                  "description" : "Target architecture to use for analysis, analogous to `cargo --target`. By default the host architecture is used.\n",
                                  "type" : "string"
                                },
                                "cargo_features" : {
                                  "title" : "Cargo features to turn on",
                                  "description" : "Comma-separated list of features to turn on. By default all features are enabled. If any features are specified, then only those features are enabled. The `default` feature must be explicitly specified if only default features are desired. Can be repeated.\n",
                                  "type" : "array"
                                },
                                "cargo_cfg_overrides" : {
                                  "title" : "Cargo cfg overrides",
                                  "description" : "Comma-separated list of cfg settings to enable, or disable if prefixed with `-`. Can be repeated.\n",
                                  "type" : "array"
                                },
                                "logging" : {
                                  "title" : "Options pertaining to logging.",
                                  "description" : "Options pertaining to logging.",
                                  "type" : "object",
                                  "properties" : {
                                    "verbosity" : {
                                      "title" : "Extractor logging verbosity level.",
                                      "description" : "Controls the level of verbosity of the extractor. The supported levels are (in order of increasing verbosity):\n  - off\n  - errors\n  - warnings\n  - info or progress\n  - debug or progress+\n  - trace or progress++\n  - progress+++\n",
                                      "type" : "string",
                                      "pattern" : "^(off|errors|warnings|(info|progress)|(debug|progress\\+)|(trace|progress\\+\\+)|progress\\+\\+\\+)$"
                                    },
                                    "flamegraph" : {
                                      "title" : "[Experimental] File path for write flame graph log",
                                      "description" : "Collect flame graph data using the `tracing-flame` crate. To render a flame graph or chart, run the `inferno-flamegraph` command. See also: https://crates.io/crates/tracing-flame\n",
                                      "type" : "string"
                                    }
                                  }
                                },
                                "extract_dependencies_as_source" : {
                                  "title" : "Extract dependencies as source code",
                                  "description" : "Extract the full source code of dependencies instead of only extracting signatures.\n",
                                  "type" : "string",
                                  "pattern" : "^(false|true)$"
                                }
                              }
                            }
                          ],
                          "html" : [
                            {
                              "extractor_root" : "/home/test/.local/codeql/codeql/html"
                            }
                          ],
                          "java" : [
                            {
                              "extractor_root" : "/home/test/.local/codeql/codeql/java",
                              "extractor_options" : {
                                "exclude" : {
                                  "title" : "A glob excluding files from analysis.",
                                  "description" : "A glob indicating what files to exclude from the analysis. This accepts glob patterns that are supported by Java's 'getPathMatcher' implementation.\n",
                                  "type" : "string"
                                },
                                "add_prefer_source" : {
                                  "title" : "Whether to always prefer source files over class files.",
                                  "description" : "A value indicating whether source files should be preferred over class files. If set to 'true', the extraction adds '-Xprefer:source' to the javac command line. If set to 'false', the extraction uses the default javac behavior ('-Xprefer:newer'). The default is 'true'.\n",
                                  "type" : "string",
                                  "pattern" : "^(false|true)$"
                                },
                                "buildless" : {
                                  "title" : "Whether to use buildless (standalone) extraction (experimental).",
                                  "description" : "A value indicating, which type of extraction the autobuilder should perform. If 'true', then the standalone extractor will be used, otherwise tracing extraction will be performed. The default is 'false'. Note that buildless extraction will generally yield less accurate analysis results, and should only be used in cases where it is not possible to build the code (for example if it uses inaccessible dependencies).\n",
                                  "type" : "string",
                                  "pattern" : "^(false|true)$"
                                },
                                "buildless_dependency_dir" : {
                                  "title" : "The path where buildless (standalone) extraction should keep dependencies.",
                                  "description" : "If set, the buildless (standalone) extractor will store dependencies in this directory.\n",
                                  "type" : "string"
                                },
                                "minimize_dependency_jars" : {
                                  "title" : "Whether to rewrite and minimize downloaded JAR dependencies (experimental).",
                                  "description" : "If 'true', JAR dependencies downloaded during extraction will be rewritten to remove unneeded data, such as method bodies. The default is 'false'.\n",
                                  "type" : "string",
                                  "pattern" : "^(false|true)$"
                                }
                              }
                            }
                          ],
                          "properties" : [
                            {
                              "extractor_root" : "/home/test/.local/codeql/codeql/properties"
                            }
                          ]
                        }
                      }
[2026-03-27 01:21:24] [SPAMMIER] database finalize> Loaded the following extractors: C#, XML, Ruby, Swift, C/C++, Python, CSV, YAML, Go, JavaScript/TypeScript, GitHub Actions, Rust, HTML, Java/Kotlin, Java Properties Files
[2026-03-27 01:21:24] [ERROR] database finalize> CodeQL detected code written in Go and GitHub Actions, but not any written in Python. Confirm that there is some source code for Python in the project. For more information, review our troubleshooting guide at https://gh.io/troubleshooting-code-scanning/no-source-code-seen-during-build.
[2026-03-27 01:21:24] Plumbing command codeql database finalize completed with status 32.
[2026-03-27 01:21:24] Exiting with code 32
